<?xml version="1.0" encoding="UTF-8"?>
<testsuite name="com.karmahostage.ethcrack.domain.EthKeystoreTest" tests="1" skipped="0" failures="0" errors="0" timestamp="2017-10-01T20:15:02" hostname="tady386" time="0.088">
  <properties/>
  <testcase name="fromValidFile" classname="com.karmahostage.ethcrack.domain.EthKeystoreTest" time="0.088"/>
  <system-out><![CDATA[]]></system-out>
  <system-err><![CDATA[]]></system-err>
</testsuite>
