<?xml version="1.0" encoding="UTF-8"?>
<testsuite name="com.karmahostage.ethcrack.decryption.V3KeyDecrypterTest" tests="2" skipped="0" failures="0" errors="0" timestamp="2017-10-01T20:15:02" hostname="tady386" time="1.412">
  <properties/>
  <testcase name="testCorrectPassword" classname="com.karmahostage.ethcrack.decryption.V3KeyDecrypterTest" time="0.968"/>
  <testcase name="testIncorrectPassword" classname="com.karmahostage.ethcrack.decryption.V3KeyDecrypterTest" time="0.442"/>
  <system-out><![CDATA[]]></system-out>
  <system-err><![CDATA[]]></system-err>
</testsuite>
